[0.006s] Invoking command in '/home/ytqjk/桌面/my_study_ros_ws/build/my_study_cpp_pkg': CMAKE_PREFIX_PATH=/opt/ros/humble /usr/bin/cmake /home/ytqjk/桌面/my_study_ros_ws/src/my_study_cpp_pkg -DCMAKE_INSTALL_PREFIX=/home/ytqjk/桌面/my_study_ros_ws/install/my_study_cpp_pkg
[0.040s] -- The C compiler identification is GNU 11.4.0
[0.075s] -- The CXX compiler identification is GNU 11.4.0
[0.080s] -- Detecting C compiler ABI info
[0.123s] -- Detecting C compiler ABI info - done
[0.128s] -- Check for working C compiler: /usr/bin/cc - skipped
[0.128s] -- Detecting C compile features
[0.128s] -- Detecting C compile features - done
[0.130s] -- Detecting CXX compiler ABI info
[0.180s] -- Detecting CXX compiler ABI info - done
[0.185s] -- Check for working CXX compiler: /usr/bin/c++ - skipped
[0.185s] -- Detecting CXX compile features
[0.185s] -- Detecting CXX compile features - done
[0.186s] -- Found ament_cmake: 1.3.14 (/opt/ros/humble/share/ament_cmake/cmake)
[0.279s] -- Found Python3: /usr/bin/python3 (found version "3.10.12") found components: Interpreter 
[0.331s] -- Found rclcpp: 16.0.19 (/opt/ros/humble/share/rclcpp/cmake)
[0.353s] -- Found rosidl_generator_c: 3.1.8 (/opt/ros/humble/share/rosidl_generator_c/cmake)
[0.355s] -- Found rosidl_adapter: 3.1.8 (/opt/ros/humble/share/rosidl_adapter/cmake)
[0.360s] -- Found rosidl_generator_cpp: 3.1.8 (/opt/ros/humble/share/rosidl_generator_cpp/cmake)
[0.366s] -- Using all available rosidl_typesupport_c: rosidl_typesupport_fastrtps_c;rosidl_typesupport_introspection_c
[0.375s] -- Using all available rosidl_typesupport_cpp: rosidl_typesupport_fastrtps_cpp;rosidl_typesupport_introspection_cpp
[0.398s] -- Found rmw_implementation_cmake: 6.1.2 (/opt/ros/humble/share/rmw_implementation_cmake/cmake)
[0.400s] -- Found rmw_fastrtps_cpp: 6.2.10 (/opt/ros/humble/share/rmw_fastrtps_cpp/cmake)
[0.448s] -- Found OpenSSL: /usr/lib/x86_64-linux-gnu/libcrypto.so (found version "3.0.2")  
[0.464s] -- Found FastRTPS: /opt/ros/humble/include  
[0.486s] -- Using RMW implementation 'rmw_fastrtps_cpp' as default
[0.491s] -- Looking for pthread.h
[0.536s] -- Looking for pthread.h - found
[0.536s] -- Performing Test CMAKE_HAVE_LIBC_PTHREAD
[0.582s] -- Performing Test CMAKE_HAVE_LIBC_PTHREAD - Success
[0.583s] -- Found Threads: TRUE  
[0.615s] -- Found ament_lint_auto: 0.12.15 (/opt/ros/humble/share/ament_lint_auto/cmake)
[0.664s] -- Added test 'cppcheck' to perform static code analysis on C / C++ code
[0.664s] -- Configured cppcheck include dirs: 
[0.664s] -- Configured cppcheck exclude dirs and/or files: 
[0.664s] -- Added test 'lint_cmake' to check CMake code style
[0.664s] -- Added test 'uncrustify' to check C / C++ code style
[0.665s] -- Configured uncrustify additional arguments: 
[0.665s] -- Added test 'xmllint' to check XML markup files
[0.665s] -- Configuring done
[0.670s] -- Generating done
[0.672s] -- Build files have been written to: /home/ytqjk/桌面/my_study_ros_ws/build/my_study_cpp_pkg
[0.679s] Invoked command in '/home/ytqjk/桌面/my_study_ros_ws/build/my_study_cpp_pkg' returned '0': CMAKE_PREFIX_PATH=/opt/ros/humble /usr/bin/cmake /home/ytqjk/桌面/my_study_ros_ws/src/my_study_cpp_pkg -DCMAKE_INSTALL_PREFIX=/home/ytqjk/桌面/my_study_ros_ws/install/my_study_cpp_pkg
[0.680s] Invoking command in '/home/ytqjk/桌面/my_study_ros_ws/build/my_study_cpp_pkg': CMAKE_PREFIX_PATH=/opt/ros/humble /usr/bin/cmake --build /home/ytqjk/桌面/my_study_ros_ws/build/my_study_cpp_pkg -- -j16 -l16
[0.710s] [ 50%] [32mBuilding CXX object CMakeFiles/cpp_node.dir/src/cpp_node.cpp.o[0m
[2.520s] [100%] [32m[1mLinking CXX executable cpp_node[0m
[2.586s] [100%] Built target cpp_node
[2.593s] Invoked command in '/home/ytqjk/桌面/my_study_ros_ws/build/my_study_cpp_pkg' returned '0': CMAKE_PREFIX_PATH=/opt/ros/humble /usr/bin/cmake --build /home/ytqjk/桌面/my_study_ros_ws/build/my_study_cpp_pkg -- -j16 -l16
[2.599s] Invoking command in '/home/ytqjk/桌面/my_study_ros_ws/build/my_study_cpp_pkg': CMAKE_PREFIX_PATH=/opt/ros/humble /usr/bin/cmake --install /home/ytqjk/桌面/my_study_ros_ws/build/my_study_cpp_pkg
[2.603s] -- Install configuration: ""
[2.603s] -- Installing: /home/ytqjk/桌面/my_study_ros_ws/install/my_study_cpp_pkg/lib/my_study_cpp_pkg/cpp_node
[2.603s] -- Set runtime path of "/home/ytqjk/桌面/my_study_ros_ws/install/my_study_cpp_pkg/lib/my_study_cpp_pkg/cpp_node" to ""
[2.603s] -- Installing: /home/ytqjk/桌面/my_study_ros_ws/install/my_study_cpp_pkg/share/ament_index/resource_index/package_run_dependencies/my_study_cpp_pkg
[2.603s] -- Installing: /home/ytqjk/桌面/my_study_ros_ws/install/my_study_cpp_pkg/share/ament_index/resource_index/parent_prefix_path/my_study_cpp_pkg
[2.604s] -- Installing: /home/ytqjk/桌面/my_study_ros_ws/install/my_study_cpp_pkg/share/my_study_cpp_pkg/environment/ament_prefix_path.sh
[2.604s] -- Installing: /home/ytqjk/桌面/my_study_ros_ws/install/my_study_cpp_pkg/share/my_study_cpp_pkg/environment/ament_prefix_path.dsv
[2.604s] -- Installing: /home/ytqjk/桌面/my_study_ros_ws/install/my_study_cpp_pkg/share/my_study_cpp_pkg/environment/path.sh
[2.604s] -- Installing: /home/ytqjk/桌面/my_study_ros_ws/install/my_study_cpp_pkg/share/my_study_cpp_pkg/environment/path.dsv
[2.604s] -- Installing: /home/ytqjk/桌面/my_study_ros_ws/install/my_study_cpp_pkg/share/my_study_cpp_pkg/local_setup.bash
[2.604s] -- Installing: /home/ytqjk/桌面/my_study_ros_ws/install/my_study_cpp_pkg/share/my_study_cpp_pkg/local_setup.sh
[2.604s] -- Installing: /home/ytqjk/桌面/my_study_ros_ws/install/my_study_cpp_pkg/share/my_study_cpp_pkg/local_setup.zsh
[2.604s] -- Installing: /home/ytqjk/桌面/my_study_ros_ws/install/my_study_cpp_pkg/share/my_study_cpp_pkg/local_setup.dsv
[2.604s] -- Installing: /home/ytqjk/桌面/my_study_ros_ws/install/my_study_cpp_pkg/share/my_study_cpp_pkg/package.dsv
[2.604s] -- Installing: /home/ytqjk/桌面/my_study_ros_ws/install/my_study_cpp_pkg/share/ament_index/resource_index/packages/my_study_cpp_pkg
[2.604s] -- Installing: /home/ytqjk/桌面/my_study_ros_ws/install/my_study_cpp_pkg/share/my_study_cpp_pkg/cmake/my_study_cpp_pkgConfig.cmake
[2.604s] -- Installing: /home/ytqjk/桌面/my_study_ros_ws/install/my_study_cpp_pkg/share/my_study_cpp_pkg/cmake/my_study_cpp_pkgConfig-version.cmake
[2.604s] -- Installing: /home/ytqjk/桌面/my_study_ros_ws/install/my_study_cpp_pkg/share/my_study_cpp_pkg/package.xml
[2.606s] Invoked command in '/home/ytqjk/桌面/my_study_ros_ws/build/my_study_cpp_pkg' returned '0': CMAKE_PREFIX_PATH=/opt/ros/humble /usr/bin/cmake --install /home/ytqjk/桌面/my_study_ros_ws/build/my_study_cpp_pkg
